[debug] [2018-07-01T20:46:46.317Z] ----------------------------------------------------------------------
[debug] [2018-07-01T20:46:46.320Z] Command:       /usr/local/bin/node /Users/lisbelcruz/Documents/proyectos/_personal/Branding-Lis/web/lisbelcruz.com/node_modules/.bin/firebase deploy
[debug] [2018-07-01T20:46:46.321Z] CLI Version:   3.19.0
[debug] [2018-07-01T20:46:46.321Z] Platform:      darwin
[debug] [2018-07-01T20:46:46.321Z] Node Version:  v8.11.3
[debug] [2018-07-01T20:46:46.322Z] Time:          Sun Jul 01 2018 15:46:46 GMT-0500 (CDT)
[debug] [2018-07-01T20:46:46.322Z] ----------------------------------------------------------------------
[debug] 
[debug] [2018-07-01T20:46:46.335Z] > command requires scopes: ["email","openid","https://www.googleapis.com/auth/cloudplatformprojects.readonly","https://www.googleapis.com/auth/firebase","https://www.googleapis.com/auth/cloud-platform"]
[debug] [2018-07-01T20:46:46.335Z] > authorizing via signed-in user
[debug] [2018-07-01T20:46:46.337Z] >>> HTTP REQUEST GET https://admin.firebase.com/v1/projects/lisbel-cruz-website  
  
 Sun Jul 01 2018 15:46:46 GMT-0500 (CDT)
[debug] [2018-07-01T20:46:46.781Z] <<< HTTP RESPONSE 200
[debug] [2018-07-01T20:46:46.782Z] >>> HTTP REQUEST GET https://admin.firebase.com/v1/database/lisbel-cruz-website/tokens  
  
 Sun Jul 01 2018 15:46:46 GMT-0500 (CDT)
[debug] [2018-07-01T20:46:47.160Z] <<< HTTP RESPONSE 200
[info] 
[info] === Deploying to 'lisbel-cruz-website'...
[info] 
[info] i  deploying hosting
[info] i  hosting: preparing public directory for upload...
[debug] [2018-07-01T20:46:49.846Z] >>> HTTP REQUEST PUT https://deploy.firebase.com/v1/hosting/lisbel-cruz-website/uploads/-LGMaGGC7v-8xZbgDYn-?fileCount=73&message=  
  
 Sun Jul 01 2018 15:46:49 GMT-0500 (CDT)
